13:24:37.400 [background-preinit] INFO  o.h.validator.internal.util.Version - HV000001: Hibernate Validator 8.0.1.Final
13:24:37.427 [main] INFO  c.h.management.ManagementApplication - Starting ManagementApplication using Java 22.0.1 with PID 27720 (C:\Users\FPT SHOP\Downloads\Intership\human_resource_management\target\classes started by Trinh in C:\Users\FPT SHOP\Downloads\Intership\human_resource_management)
13:24:37.427 [main] DEBUG c.h.management.ManagementApplication - Running with Spring Boot v3.3.3, Spring v6.1.12
13:24:37.428 [main] INFO  c.h.management.ManagementApplication - No active profile set, falling back to 1 default profile: "default"
13:24:38.343 [main] INFO  o.s.b.w.e.tomcat.TomcatWebServer - Tomcat initialized with port 8080 (http)
13:24:38.353 [main] INFO  o.a.coyote.http11.Http11NioProtocol - Initializing ProtocolHandler ["http-nio-8080"]
13:24:38.356 [main] INFO  o.a.catalina.core.StandardService - Starting service [Tomcat]
13:24:38.356 [main] INFO  o.a.catalina.core.StandardEngine - Starting Servlet engine: [Apache Tomcat/10.1.28]
13:24:38.405 [main] INFO  o.a.c.c.C.[Tomcat].[localhost].[/] - Initializing Spring embedded WebApplicationContext
13:24:38.406 [main] INFO  o.s.b.w.s.c.ServletWebServerApplicationContext - Root WebApplicationContext: initialization completed in 942 ms
13:24:39.121 [main] INFO  o.a.coyote.http11.Http11NioProtocol - Starting ProtocolHandler ["http-nio-8080"]
13:24:39.135 [main] INFO  o.s.b.w.e.tomcat.TomcatWebServer - Tomcat started on port 8080 (http) with context path '/'
13:24:39.141 [main] INFO  c.h.management.ManagementApplication - Started ManagementApplication in 1.988 seconds (process running for 2.723)
13:25:05.491 [http-nio-8080-exec-1] INFO  o.a.c.c.C.[Tomcat].[localhost].[/] - Initializing Spring DispatcherServlet 'dispatcherServlet'
13:25:05.491 [http-nio-8080-exec-1] INFO  o.s.web.servlet.DispatcherServlet - Initializing Servlet 'dispatcherServlet'
13:25:05.492 [http-nio-8080-exec-1] INFO  o.s.web.servlet.DispatcherServlet - Completed initialization in 1 ms
13:25:05.525 [http-nio-8080-exec-1] DEBUG c.h.m.response.DepartmentsResponse - Hello, it is a debug logging
13:25:05.525 [http-nio-8080-exec-1] INFO  c.h.m.response.DepartmentsResponse - Hello, it is a info logging
13:25:05.538 [http-nio-8080-exec-1] INFO  com.zaxxer.hikari.HikariDataSource - HikariPool-1 - Starting...
13:25:05.800 [http-nio-8080-exec-1] INFO  com.zaxxer.hikari.pool.HikariPool - HikariPool-1 - Added connection oracle.jdbc.driver.T4CConnection@429bf27c
13:25:05.802 [http-nio-8080-exec-1] INFO  com.zaxxer.hikari.HikariDataSource - HikariPool-1 - Start completed.
13:25:05.808 [http-nio-8080-exec-1] DEBUG c.h.m.m.D.getDepartmentsWithManagerNameById - ==>  Preparing: SELECT d.DEPARTMENT_ID, d.DEPARTMENT_NAME, d.MANAGER_ID, e.FIRST_NAME || ' ' || e.LAST_NAME AS MANAGER_NAME FROM departments d INNER JOIN employees e ON d.MANAGER_ID = e.EMPLOYEE_ID WHERE d.DEPARTMENT_ID = ?
13:25:05.886 [http-nio-8080-exec-1] DEBUG c.h.m.m.D.getDepartmentsWithManagerNameById - ==> Parameters: 1(Long)
13:25:05.943 [http-nio-8080-exec-1] DEBUG c.h.m.m.D.getDepartmentsWithManagerNameById - <==      Total: 1
13:25:14.987 [http-nio-8080-exec-3] DEBUG c.h.m.response.DepartmentsResponse - Hello, it is a debug logging
13:25:14.987 [http-nio-8080-exec-3] INFO  c.h.m.response.DepartmentsResponse - Hello, it is a info logging
13:25:14.989 [http-nio-8080-exec-3] DEBUG c.h.m.m.D.getDepartmentsWithManagerNameById - ==>  Preparing: SELECT d.DEPARTMENT_ID, d.DEPARTMENT_NAME, d.MANAGER_ID, e.FIRST_NAME || ' ' || e.LAST_NAME AS MANAGER_NAME FROM departments d INNER JOIN employees e ON d.MANAGER_ID = e.EMPLOYEE_ID WHERE d.DEPARTMENT_ID = ?
13:25:14.989 [http-nio-8080-exec-3] DEBUG c.h.m.m.D.getDepartmentsWithManagerNameById - ==> Parameters: 1(Long)
13:25:14.990 [http-nio-8080-exec-3] DEBUG c.h.m.m.D.getDepartmentsWithManagerNameById - <==      Total: 1
13:27:05.503 [SpringApplicationShutdownHook] INFO  com.zaxxer.hikari.HikariDataSource - HikariPool-1 - Shutdown initiated...
13:27:05.511 [SpringApplicationShutdownHook] INFO  com.zaxxer.hikari.HikariDataSource - HikariPool-1 - Shutdown completed.
13:27:08.310 [background-preinit] INFO  o.h.validator.internal.util.Version - HV000001: Hibernate Validator 8.0.1.Final
13:27:08.341 [main] INFO  c.h.management.ManagementApplication - Starting ManagementApplication using Java 22.0.1 with PID 25728 (C:\Users\FPT SHOP\Downloads\Intership\human_resource_management\target\classes started by Trinh in C:\Users\FPT SHOP\Downloads\Intership\human_resource_management)
13:27:08.341 [main] DEBUG c.h.management.ManagementApplication - Running with Spring Boot v3.3.3, Spring v6.1.12
13:27:08.342 [main] INFO  c.h.management.ManagementApplication - No active profile set, falling back to 1 default profile: "default"
13:27:09.136 [main] INFO  o.s.b.w.e.tomcat.TomcatWebServer - Tomcat initialized with port 8080 (http)
13:27:09.142 [main] INFO  o.a.coyote.http11.Http11NioProtocol - Initializing ProtocolHandler ["http-nio-8080"]
13:27:09.144 [main] INFO  o.a.catalina.core.StandardService - Starting service [Tomcat]
13:27:09.145 [main] INFO  o.a.catalina.core.StandardEngine - Starting Servlet engine: [Apache Tomcat/10.1.28]
13:27:09.184 [main] INFO  o.a.c.c.C.[Tomcat].[localhost].[/] - Initializing Spring embedded WebApplicationContext
13:27:09.184 [main] INFO  o.s.b.w.s.c.ServletWebServerApplicationContext - Root WebApplicationContext: initialization completed in 810 ms
13:27:09.786 [main] INFO  o.a.coyote.http11.Http11NioProtocol - Starting ProtocolHandler ["http-nio-8080"]
13:27:09.799 [main] INFO  o.s.b.w.e.tomcat.TomcatWebServer - Tomcat started on port 8080 (http) with context path '/'
13:27:09.805 [main] INFO  c.h.management.ManagementApplication - Started ManagementApplication in 1.729 seconds (process running for 2.306)
13:27:15.390 [http-nio-8080-exec-1] INFO  o.a.c.c.C.[Tomcat].[localhost].[/] - Initializing Spring DispatcherServlet 'dispatcherServlet'
13:27:15.390 [http-nio-8080-exec-1] INFO  o.s.web.servlet.DispatcherServlet - Initializing Servlet 'dispatcherServlet'
13:27:15.391 [http-nio-8080-exec-1] INFO  o.s.web.servlet.DispatcherServlet - Completed initialization in 1 ms
13:27:15.420 [http-nio-8080-exec-1] DEBUG c.h.m.response.DepartmentsResponse - Hello, it is a debug logging
13:27:15.420 [http-nio-8080-exec-1] INFO  c.h.m.response.DepartmentsResponse - Hello, it is a info logging
13:27:15.433 [http-nio-8080-exec-1] INFO  com.zaxxer.hikari.HikariDataSource - HikariPool-1 - Starting...
13:27:15.681 [http-nio-8080-exec-1] INFO  com.zaxxer.hikari.pool.HikariPool - HikariPool-1 - Added connection oracle.jdbc.driver.T4CConnection@130918ec
13:27:15.683 [http-nio-8080-exec-1] INFO  com.zaxxer.hikari.HikariDataSource - HikariPool-1 - Start completed.
13:27:15.689 [http-nio-8080-exec-1] DEBUG c.h.m.m.D.getDepartmentsWithManagerNameById - ==>  Preparing: SELECT d.DEPARTMENT_ID, d.DEPARTMENT_NAME, d.MANAGER_ID, e.FIRST_NAME || ' ' || e.LAST_NAME AS MANAGER_NAME FROM departments d INNER JOIN employees e ON d.MANAGER_ID = e.EMPLOYEE_ID WHERE d.DEPARTMENT_ID = ?
13:27:15.773 [http-nio-8080-exec-1] DEBUG c.h.m.m.D.getDepartmentsWithManagerNameById - ==> Parameters: 1(Long)
13:27:15.834 [http-nio-8080-exec-1] DEBUG c.h.m.m.D.getDepartmentsWithManagerNameById - <==      Total: 1
13:27:18.304 [http-nio-8080-exec-5] DEBUG c.h.m.response.DepartmentsResponse - Hello, it is a debug logging
13:27:18.304 [http-nio-8080-exec-5] INFO  c.h.m.response.DepartmentsResponse - Hello, it is a info logging
13:27:18.305 [http-nio-8080-exec-5] DEBUG c.h.m.m.D.getDepartmentsWithManagerNameById - ==>  Preparing: SELECT d.DEPARTMENT_ID, d.DEPARTMENT_NAME, d.MANAGER_ID, e.FIRST_NAME || ' ' || e.LAST_NAME AS MANAGER_NAME FROM departments d INNER JOIN employees e ON d.MANAGER_ID = e.EMPLOYEE_ID WHERE d.DEPARTMENT_ID = ?
13:27:18.306 [http-nio-8080-exec-5] DEBUG c.h.m.m.D.getDepartmentsWithManagerNameById - ==> Parameters: 1(Long)
13:27:18.307 [http-nio-8080-exec-5] DEBUG c.h.m.m.D.getDepartmentsWithManagerNameById - <==      Total: 1
13:33:24.997 [SpringApplicationShutdownHook] INFO  com.zaxxer.hikari.HikariDataSource - HikariPool-1 - Shutdown initiated...
13:33:25.007 [SpringApplicationShutdownHook] INFO  com.zaxxer.hikari.HikariDataSource - HikariPool-1 - Shutdown completed.
